<?xml version="1.0" encoding="UTF-8"?>
<!-- Generated by org.testng.reporters.JUnitReportReporter -->
<testsuite hostname="DESKTOP-OU8JFJA" failures="0" tests="1" name="com.newtours.testcases.NT001_LoginUnSuccessfully" time="19.606" errors="0" timestamp="29 Mar 2020 18:03:41 GMT" skipped="0">
  <testcase classname="com.newtours.testcases.NT001_LoginUnSuccessfully" name="NT001_001_LoginUnSuccessfully" time="19.606"/>
</testsuite> <!-- com.newtours.testcases.NT001_LoginUnSuccessfully -->
