<?xml version="1.0" encoding="UTF-8"?>
<!-- Generated by org.testng.reporters.JUnitReportReporter -->
<testsuite hostname="DESKTOP-OU8JFJA" failures="0" tests="1" name="com.newtours.testcases.NT001_LoginSuccessfully" time="25.012" errors="0" timestamp="29 Mar 2020 18:17:35 GMT" skipped="0">
  <testcase classname="com.newtours.testcases.NT001_LoginSuccessfully" name="NT001_001_LoginSuccessfully" time="25.012"/>
</testsuite> <!-- com.newtours.testcases.NT001_LoginSuccessfully -->
